<?xml version="1.0" encoding="UTF-8"?>
<testng-results skipped="0" failed="1" ignored="0" total="1" passed="0">
  <reporter-output>
  </reporter-output>
  <suite name="Default suite" duration-ms="23428" started-at="2021-03-26T08:42:32 IST" finished-at="2021-03-26T08:42:56 IST">
    <groups>
    </groups>
    <test name="Default test" duration-ms="23428" started-at="2021-03-26T08:42:32 IST" finished-at="2021-03-26T08:42:56 IST">
      <class name="testcase.Admin_Job_JobTitles">
        <test-method status="PASS" signature="browser()[pri:0, instance:testcase.Admin_Job_JobTitles@136e637]" name="browser" is-config="true" duration-ms="20953" started-at="2021-03-26T08:42:32 IST" finished-at="2021-03-26T08:42:53 IST">
          <reporter-output>
          </reporter-output>
        </test-method> <!-- browser -->
        <test-method status="FAIL" signature="addbtn()[pri:0, instance:testcase.Admin_Job_JobTitles@136e637]" name="addbtn" duration-ms="2357" started-at="2021-03-26T08:42:53 IST" finished-at="2021-03-26T08:42:56 IST">
          <exception class="java.lang.AssertionError">
            <message>
              <![CDATA[expected [selenium] but found [[[ChromeDriver: chrome on WINDOWS (3609a40ba4a037b969fab7c54646ec70)] -> xpath: //*[@id='frmList_ohrmListComponent']]]]]>
            </message>
            <full-stacktrace>
              <![CDATA[java.lang.AssertionError: expected [selenium] but found [[[ChromeDriver: chrome on WINDOWS (3609a40ba4a037b969fab7c54646ec70)] -> xpath: //*[@id='frmList_ohrmListComponent']]]
at org.testng.Assert.fail(Assert.java:97)
at org.testng.Assert.assertEqualsImpl(Assert.java:136)
at org.testng.Assert.assertEquals(Assert.java:118)
at org.testng.Assert.assertEquals(Assert.java:563)
at testcase.Admin_Job_JobTitles.addbtn(Admin_Job_JobTitles.java:35)
at sun.reflect.NativeMethodAccessorImpl.invoke0(Native Method)
at sun.reflect.NativeMethodAccessorImpl.invoke(Unknown Source)
at sun.reflect.DelegatingMethodAccessorImpl.invoke(Unknown Source)
at java.lang.reflect.Method.invoke(Unknown Source)
at org.testng.internal.MethodInvocationHelper.invokeMethod(MethodInvocationHelper.java:133)
at org.testng.internal.TestInvoker.invokeMethod(TestInvoker.java:584)
at org.testng.internal.TestInvoker.invokeTestMethod(TestInvoker.java:172)
at org.testng.internal.MethodRunner.runInSequence(MethodRunner.java:46)
at org.testng.internal.TestInvoker$MethodInvocationAgent.invoke(TestInvoker.java:804)
at org.testng.internal.TestInvoker.invokeTestMethods(TestInvoker.java:145)
at org.testng.internal.TestMethodWorker.invokeTestMethods(TestMethodWorker.java:146)
at org.testng.internal.TestMethodWorker.run(TestMethodWorker.java:128)
at java.util.ArrayList.forEach(Unknown Source)
at org.testng.TestRunner.privateRun(TestRunner.java:770)
at org.testng.TestRunner.run(TestRunner.java:591)
at org.testng.SuiteRunner.runTest(SuiteRunner.java:402)
at org.testng.SuiteRunner.runSequentially(SuiteRunner.java:396)
at org.testng.SuiteRunner.privateRun(SuiteRunner.java:355)
at org.testng.SuiteRunner.run(SuiteRunner.java:304)
at org.testng.SuiteRunnerWorker.runSuite(SuiteRunnerWorker.java:53)
at org.testng.SuiteRunnerWorker.run(SuiteRunnerWorker.java:96)
at org.testng.TestNG.runSuitesSequentially(TestNG.java:1180)
at org.testng.TestNG.runSuitesLocally(TestNG.java:1102)
at org.testng.TestNG.runSuites(TestNG.java:1032)
at org.testng.TestNG.run(TestNG.java:1000)
at org.testng.remote.AbstractRemoteTestNG.run(AbstractRemoteTestNG.java:115)
at org.testng.remote.RemoteTestNG.initAndRun(RemoteTestNG.java:251)
at org.testng.remote.RemoteTestNG.main(RemoteTestNG.java:77)
]]>
            </full-stacktrace>
          </exception> <!-- java.lang.AssertionError -->
          <reporter-output>
          </reporter-output>
        </test-method> <!-- addbtn -->
        <test-method status="PASS" signature="tearDown()[pri:0, instance:testcase.Admin_Job_JobTitles@136e637]" name="tearDown" is-config="true" duration-ms="1" started-at="2021-03-26T08:42:56 IST" finished-at="2021-03-26T08:42:56 IST">
          <reporter-output>
          </reporter-output>
        </test-method> <!-- tearDown -->
      </class> <!-- testcase.Admin_Job_JobTitles -->
    </test> <!-- Default test -->
  </suite> <!-- Default suite -->
</testng-results>
